<testsuite errors="0" failures="3" name="Django Project Tests" skips="0" tests="23" time="6.867"><testcase classname="chat.tests.test_jenkins_delete_later.jenkinsunittest" name="test_alwaystrue" time="0.000000" /><testcase classname="home.tests.test_models_chat.ChatTestCase" name="test_conversation_exists" time="0.689960" /><testcase classname="home.tests.test_models_chat.ChatTestCase" name="test_conversation_gets_deleted_when_user_is_deleted" time="0.710889" /><testcase classname="home.tests.test_models_chat.ChatTestCase" name="test_conversation_last_message" time="0.387979" /><testcase classname="home.tests.test_models_chat.ChatTestCase" name="test_conversation_string" time="0.359981" /><testcase classname="home.tests.test_models_chat.ChatTestCase" name="test_conversationparticipation_get_conversation_name" time="0.369995" /><testcase classname="home.tests.test_models_chat.ChatTestCase" name="test_conversationparticipation_get_messages" time="0.379960" /><testcase classname="home.tests.test_models_chat.ChatTestCase" name="test_conversationparticipation_get_other_participants" time="0.389977" /><testcase classname="home.tests.test_models_chat.ChatTestCase" name="test_conversationparticipation_get_other_participants_string" time="0.379979" /><testcase classname="home.tests.test_models_chat.ChatTestCase" name="test_conversationparticipation_string" time="0.382072" /><testcase classname="home.tests.test_models_chat.ChatTestCase" name="test_get_or_create_participation" time="0.376787" /><testcase classname="home.tests.test_models_chat.ChatTestCase" name="test_get_unread_message_count" time="0.499982" /><testcase classname="home.tests.test_models_chat.ChatTestCase" name="test_message_ordering" time="0.392149"><failure message="3 != 4 : ORDERING in tests does not always seem to work. Just make sure it is ordered at [&quot;sent_at&quot;]" type="builtins.AssertionError">Traceback (most recent call last):
  File "D:\School\Industrieel_Ingenieur_Master\thesis\CID19\home\tests\test_models_chat.py", line 174, in test_message_ordering
    self.assertEqual(messages.last().id, newest.id, 'ORDERING in tests does not always seem to work. Just make sure it is ordered at ["sent_at"]')
AssertionError: 3 != 4 : ORDERING in tests does not always seem to work. Just make sure it is ordered at ["sent_at"]
</failure></testcase><testcase classname="home.tests.test_models_chat.ChatTestCase" name="test_message_save" time="0.369979" /><testcase classname="home.tests.test_models_home.ProfileAdvancedTestCase" name="test_profile_favorites" time="0.240001"><failure message="'Project 1,Project 2' != 'Project 2,Project 1'&#10;- Project 1,Project 2&#10;?         ^         ^&#10;+ Project 2,Project 1&#10;?         ^         ^&#10; : Get_favorites() should return a string with all favorites seperated by a comma. ORDERING CAN BE WRONG IN TESTS DUE TO CACHING I THINK, BUT NO PROBLEMS ARE FOUND IN PRODUCITION, just make sure it is ordered at ['-created'] " type="builtins.AssertionError">Traceback (most recent call last):
  File "D:\School\Industrieel_Ingenieur_Master\thesis\CID19\home\tests\test_models_home.py", line 76, in test_profile_favorites
    self.assertEqual(profile.get_favorites(), "Project 2,Project 1", "Get_favorites() should return a string with all favorites seperated by a comma. ORDERING CAN BE WRONG IN TESTS DUE TO CACHING I THINK, BUT NO PROBLEMS ARE FOUND IN PRODUCITION, just make sure it is ordered at ['-created'] ")
AssertionError: 'Project 1,Project 2' != 'Project 2,Project 1'
- Project 1,Project 2
?         ^         ^
+ Project 2,Project 1
?         ^         ^
 : Get_favorites() should return a string with all favorites seperated by a comma. ORDERING CAN BE WRONG IN TESTS DUE TO CACHING I THINK, BUT NO PROBLEMS ARE FOUND IN PRODUCITION, just make sure it is ordered at ['-created'] 
</failure></testcase><testcase classname="home.tests.test_models_home.ProfileBasicTestCase" name="test_profile_created_when_user_created" time="0.119976" /><testcase classname="home.tests.test_models_home.ProfileBasicTestCase" name="test_profile_deleted_when_user_deleted" time="0.129993" /><testcase classname="home.tests.test_models_home.ProfileBasicTestCase" name="test_profile_not_returned_if_headline_and_bio_are_empty" time="0.139991" /><testcase classname="home.tests.test_models_home.ProjectTestCase" name="test_ordering_first_created_project_last_in_query" time="0.120010" /><testcase classname="home.tests.test_models_home.ProjectTestCase" name="test_ordering_last_created_project_first_in_query" time="0.129992"><failure message="'First Project' != 'Most recent project'&#10;- First Project&#10;+ Most recent project&#10; : The most recently created project was not first in the resultset of the Project.objects.all() querry. ORDERING CAN BE WRONG IN TESTS DUE TO CACHING I THINK, BUT NO PROBLEMS ARE FOUND IN PRODUCITION, just make sure it is ordered at ['-created']" type="builtins.AssertionError">Traceback (most recent call last):
  File "D:\School\Industrieel_Ingenieur_Master\thesis\CID19\home\tests\test_models_home.py", line 23, in test_ordering_last_created_project_first_in_query
    self.assertEqual(Project.objects.all().first().title, "Most recent project", "The most recently created project was not first in the resultset of the Project.objects.all() querry. ORDERING CAN BE WRONG IN TESTS DUE TO CACHING I THINK, BUT NO PROBLEMS ARE FOUND IN PRODUCITION, just make sure it is ordered at ['-created']")
AssertionError: 'First Project' != 'Most recent project'
- First Project
+ Most recent project
 : The most recently created project was not first in the resultset of the Project.objects.all() querry. ORDERING CAN BE WRONG IN TESTS DUE TO CACHING I THINK, BUT NO PROBLEMS ARE FOUND IN PRODUCITION, just make sure it is ordered at ['-created']
</failure></testcase><testcase classname="home.tests.test_models_home.ProjectTestCase" name="test_project_deleted_if_user_is_deleted" time="0.129977" /><testcase classname="home.tests.test_models_home.ProjectTestCase" name="test_project_string_should_be_project_name" time="0.165313" /><testcase classname="home.tests.test_models_successstory.SuccessStoryTestCase" name="test_successtory_str" time="0.001000" /></testsuite>